<?xml version="1.0" encoding="UTF-8"?>
<coverage generated="1556144085985" clover="3.2.0">
  <project timestamp="1556144085985" name="All files">
    <metrics statements="49" coveredstatements="43" conditionals="33" coveredconditionals="25" methods="11" coveredmethods="10" elements="93" coveredelements="78" complexity="0" loc="49" ncloc="49" packages="1" files="1" classes="1"/>
    <file name="index.js" path="/mnt/c/Users/jmmrte/Projects/articulate-nlg/dist/index.js">
      <metrics statements="49" coveredstatements="43" conditionals="33" coveredconditionals="25" methods="11" coveredmethods="10"/>
      <line num="2" count="1" type="cond" truecount="3" falsecount="0"/>
      <line num="3" count="2" type="cond" truecount="1" falsecount="1"/>
      <line num="4" count="0" type="stmt"/>
      <line num="5" count="0" type="stmt"/>
      <line num="6" count="0" type="cond" truecount="0" falsecount="2"/>
      <line num="7" count="0" type="stmt"/>
      <line num="9" count="0" type="stmt"/>
      <line num="11" count="2" type="stmt"/>
      <line num="13" count="1" type="cond" truecount="3" falsecount="0"/>
      <line num="14" count="1" type="cond" truecount="3" falsecount="1"/>
      <line num="16" count="1" type="stmt"/>
      <line num="17" count="1" type="stmt"/>
      <line num="18" count="1" type="stmt"/>
      <line num="19" count="1" type="stmt"/>
      <line num="21" count="3" type="stmt"/>
      <line num="22" count="3" type="stmt"/>
      <line num="23" count="3" type="stmt"/>
      <line num="27" count="2" type="stmt"/>
      <line num="28" count="2" type="stmt"/>
      <line num="29" count="2" type="stmt"/>
      <line num="30" count="2" type="stmt"/>
      <line num="31" count="2" type="stmt"/>
      <line num="32" count="8" type="stmt"/>
      <line num="33" count="8" type="cond" truecount="2" falsecount="2"/>
      <line num="34" count="0" type="stmt"/>
      <line num="40" count="8" type="stmt"/>
      <line num="43" count="2" type="stmt"/>
      <line num="44" count="2" type="stmt"/>
      <line num="45" count="2" type="stmt"/>
      <line num="49" count="1" type="stmt"/>
      <line num="51" count="6" type="stmt"/>
      <line num="52" count="6" type="cond" truecount="1" falsecount="1"/>
      <line num="53" count="6" type="cond" truecount="1" falsecount="1"/>
      <line num="54" count="6" type="stmt"/>
      <line num="55" count="6" type="stmt"/>
      <line num="56" count="6" type="stmt"/>
      <line num="57" count="9" type="cond" truecount="2" falsecount="0"/>
      <line num="58" count="9" type="stmt"/>
      <line num="59" count="9" type="stmt"/>
      <line num="60" count="9" type="stmt"/>
      <line num="61" count="9" type="stmt"/>
      <line num="64" count="9" type="cond" truecount="5" falsecount="0"/>
      <line num="67" count="4" type="stmt"/>
      <line num="68" count="4" type="stmt"/>
      <line num="69" count="4" type="cond" truecount="4" falsecount="0"/>
      <line num="70" count="3" type="stmt"/>
      <line num="73" count="9" type="stmt"/>
      <line num="76" count="1" type="stmt"/>
      <line num="78" count="1" type="stmt"/>
    </file>
  </project>
</coverage>
