{"/mnt/c/Users/jmmrte/Projects/articulate-nlg/dist/index.js": {"path":"/mnt/c/Users/jmmrte/Projects/articulate-nlg/dist/index.js","statementMap":{"0":{"start":{"line":2,"column":15},"end":{"line":12,"column":1}},"1":{"start":{"line":3,"column":4},"end":{"line":10,"column":6}},"2":{"start":{"line":4,"column":8},"end":{"line":8,"column":9}},"3":{"start":{"line":4,"column":24},"end":{"line":4,"column":25}},"4":{"start":{"line":4,"column":31},"end":{"line":4,"column":47}},"5":{"start":{"line":5,"column":12},"end":{"line":5,"column":29}},"6":{"start":{"line":6,"column":12},"end":{"line":7,"column":28}},"7":{"start":{"line":6,"column":29},"end":{"line":7,"column":28}},"8":{"start":{"line":7,"column":16},"end":{"line":7,"column":28}},"9":{"start":{"line":9,"column":8},"end":{"line":9,"column":17}},"10":{"start":{"line":11,"column":4},"end":{"line":11,"column":43}},"11":{"start":{"line":13,"column":22},"end":{"line":15,"column":1}},"12":{"start":{"line":14,"column":4},"end":{"line":14,"column":62}},"13":{"start":{"line":16,"column":0},"end":{"line":16,"column":62}},"14":{"start":{"line":17,"column":17},"end":{"line":17,"column":53}},"15":{"start":{"line":18,"column":14},"end":{"line":18,"column":61}},"16":{"start":{"line":19,"column":18},"end":{"line":48,"column":1}},"17":{"start":{"line":21,"column":8},"end":{"line":24,"column":10}},"18":{"start":{"line":22,"column":31},"end":{"line":22,"column":43}},"19":{"start":{"line":23,"column":12},"end":{"line":23,"column":80}},"20":{"start":{"line":27,"column":8},"end":{"line":46,"column":10}},"21":{"start":{"line":28,"column":27},"end":{"line":28,"column":42}},"22":{"start":{"line":29,"column":38},"end":{"line":29,"column":40}},"23":{"start":{"line":30,"column":24},"end":{"line":30,"column":38}},"24":{"start":{"line":31,"column":12},"end":{"line":42,"column":15}},"25":{"start":{"line":32,"column":28},"end":{"line":32,"column":48}},"26":{"start":{"line":33,"column":16},"end":{"line":41,"column":17}},"27":{"start":{"line":34,"column":20},"end":{"line":37,"column":23}},"28":{"start":{"line":40,"column":20},"end":{"line":40,"column":76}},"29":{"start":{"line":43,"column":25},"end":{"line":43,"column":74}},"30":{"start":{"line":44,"column":31},"end":{"line":44,"column":51}},"31":{"start":{"line":45,"column":12},"end":{"line":45,"column":32}},"32":{"start":{"line":49,"column":29},"end":{"line":77,"column":3}},"33":{"start":{"line":51,"column":20},"end":{"line":51,"column":24}},"34":{"start":{"line":52,"column":8},"end":{"line":52,"column":45}},"35":{"start":{"line":52,"column":32},"end":{"line":52,"column":43}},"36":{"start":{"line":53,"column":8},"end":{"line":53,"column":52}},"37":{"start":{"line":53,"column":31},"end":{"line":53,"column":50}},"38":{"start":{"line":54,"column":8},"end":{"line":54,"column":27}},"39":{"start":{"line":55,"column":8},"end":{"line":55,"column":25}},"40":{"start":{"line":56,"column":8},"end":{"line":74,"column":10}},"41":{"start":{"line":57,"column":12},"end":{"line":57,"column":51}},"42":{"start":{"line":57,"column":37},"end":{"line":57,"column":49}},"43":{"start":{"line":58,"column":28},"end":{"line":58,"column":86}},"44":{"start":{"line":59,"column":29},"end":{"line":59,"column":40}},"45":{"start":{"line":60,"column":25},"end":{"line":60,"column":83}},"46":{"start":{"line":61,"column":12},"end":{"line":61,"column":48}},"47":{"start":{"line":64,"column":12},"end":{"line":72,"column":13}},"48":{"start":{"line":67,"column":30},"end":{"line":67,"column":53}},"49":{"start":{"line":68,"column":41},"end":{"line":68,"column":114}},"50":{"start":{"line":69,"column":16},"end":{"line":71,"column":17}},"51":{"start":{"line":70,"column":20},"end":{"line":70,"column":48}},"52":{"start":{"line":73,"column":12},"end":{"line":73,"column":26}},"53":{"start":{"line":76,"column":4},"end":{"line":76,"column":19}},"54":{"start":{"line":78,"column":0},"end":{"line":78,"column":26}}},"fnMap":{"0":{"name":"(anonymous_0)","decl":{"start":{"line":2,"column":42},"end":{"line":2,"column":43}},"loc":{"start":{"line":2,"column":54},"end":{"line":12,"column":1}},"line":2},"1":{"name":"(anonymous_1)","decl":{"start":{"line":3,"column":32},"end":{"line":3,"column":33}},"loc":{"start":{"line":3,"column":44},"end":{"line":10,"column":5}},"line":3},"2":{"name":"(anonymous_2)","decl":{"start":{"line":13,"column":56},"end":{"line":13,"column":57}},"loc":{"start":{"line":13,"column":71},"end":{"line":15,"column":1}},"line":13},"3":{"name":"(anonymous_3)","decl":{"start":{"line":20,"column":16},"end":{"line":20,"column":17}},"loc":{"start":{"line":20,"column":28},"end":{"line":25,"column":5}},"line":20},"4":{"name":"(anonymous_4)","decl":{"start":{"line":21,"column":15},"end":{"line":21,"column":16}},"loc":{"start":{"line":21,"column":39},"end":{"line":24,"column":9}},"line":21},"5":{"name":"(anonymous_5)","decl":{"start":{"line":26,"column":12},"end":{"line":26,"column":13}},"loc":{"start":{"line":26,"column":24},"end":{"line":47,"column":5}},"line":26},"6":{"name":"(anonymous_6)","decl":{"start":{"line":27,"column":15},"end":{"line":27,"column":16}},"loc":{"start":{"line":27,"column":39},"end":{"line":46,"column":9}},"line":27},"7":{"name":"(anonymous_7)","decl":{"start":{"line":31,"column":29},"end":{"line":31,"column":30}},"loc":{"start":{"line":31,"column":48},"end":{"line":42,"column":13}},"line":31},"8":{"name":"(anonymous_8)","decl":{"start":{"line":49,"column":29},"end":{"line":49,"column":30}},"loc":{"start":{"line":49,"column":41},"end":{"line":77,"column":1}},"line":49},"9":{"name":"Persona","decl":{"start":{"line":50,"column":13},"end":{"line":50,"column":20}},"loc":{"start":{"line":50,"column":34},"end":{"line":75,"column":5}},"line":50},"10":{"name":"(anonymous_10)","decl":{"start":{"line":56,"column":26},"end":{"line":56,"column":27}},"loc":{"start":{"line":56,"column":54},"end":{"line":74,"column":9}},"line":56}},"branchMap":{"0":{"loc":{"start":{"line":2,"column":15},"end":{"line":12,"column":1}},"type":"binary-expr","locations":[{"start":{"line":2,"column":16},"end":{"line":2,"column":20}},{"start":{"line":2,"column":24},"end":{"line":2,"column":37}},{"start":{"line":2,"column":42},"end":{"line":12,"column":1}}],"line":2},"1":{"loc":{"start":{"line":3,"column":15},"end":{"line":10,"column":5}},"type":"binary-expr","locations":[{"start":{"line":3,"column":15},"end":{"line":3,"column":28}},{"start":{"line":3,"column":32},"end":{"line":10,"column":5}}],"line":3},"2":{"loc":{"start":{"line":6,"column":29},"end":{"line":7,"column":28}},"type":"if","locations":[{"start":{"line":6,"column":29},"end":{"line":7,"column":28}},{"start":{"line":6,"column":29},"end":{"line":7,"column":28}}],"line":6},"3":{"loc":{"start":{"line":13,"column":22},"end":{"line":15,"column":1}},"type":"binary-expr","locations":[{"start":{"line":13,"column":23},"end":{"line":13,"column":27}},{"start":{"line":13,"column":31},"end":{"line":13,"column":51}},{"start":{"line":13,"column":56},"end":{"line":15,"column":1}}],"line":13},"4":{"loc":{"start":{"line":14,"column":11},"end":{"line":14,"column":61}},"type":"cond-expr","locations":[{"start":{"line":14,"column":37},"end":{"line":14,"column":40}},{"start":{"line":14,"column":43},"end":{"line":14,"column":61}}],"line":14},"5":{"loc":{"start":{"line":14,"column":12},"end":{"line":14,"column":33}},"type":"binary-expr","locations":[{"start":{"line":14,"column":12},"end":{"line":14,"column":15}},{"start":{"line":14,"column":19},"end":{"line":14,"column":33}}],"line":14},"6":{"loc":{"start":{"line":33,"column":16},"end":{"line":41,"column":17}},"type":"if","locations":[{"start":{"line":33,"column":16},"end":{"line":41,"column":17}},{"start":{"line":33,"column":16},"end":{"line":41,"column":17}}],"line":33},"7":{"loc":{"start":{"line":33,"column":20},"end":{"line":33,"column":55}},"type":"binary-expr","locations":[{"start":{"line":33,"column":20},"end":{"line":33,"column":34}},{"start":{"line":33,"column":38},"end":{"line":33,"column":55}}],"line":33},"8":{"loc":{"start":{"line":52,"column":8},"end":{"line":52,"column":45}},"type":"if","locations":[{"start":{"line":52,"column":8},"end":{"line":52,"column":45}},{"start":{"line":52,"column":8},"end":{"line":52,"column":45}}],"line":52},"9":{"loc":{"start":{"line":53,"column":8},"end":{"line":53,"column":52}},"type":"if","locations":[{"start":{"line":53,"column":8},"end":{"line":53,"column":52}},{"start":{"line":53,"column":8},"end":{"line":53,"column":52}}],"line":53},"10":{"loc":{"start":{"line":57,"column":12},"end":{"line":57,"column":51}},"type":"if","locations":[{"start":{"line":57,"column":12},"end":{"line":57,"column":51}},{"start":{"line":57,"column":12},"end":{"line":57,"column":51}}],"line":57},"11":{"loc":{"start":{"line":64,"column":12},"end":{"line":72,"column":13}},"type":"if","locations":[{"start":{"line":64,"column":12},"end":{"line":72,"column":13}},{"start":{"line":64,"column":12},"end":{"line":72,"column":13}}],"line":64},"12":{"loc":{"start":{"line":64,"column":16},"end":{"line":66,"column":40}},"type":"binary-expr","locations":[{"start":{"line":64,"column":16},"end":{"line":64,"column":35}},{"start":{"line":65,"column":16},"end":{"line":65,"column":40}},{"start":{"line":66,"column":16},"end":{"line":66,"column":40}}],"line":64},"13":{"loc":{"start":{"line":69,"column":16},"end":{"line":71,"column":17}},"type":"if","locations":[{"start":{"line":69,"column":16},"end":{"line":71,"column":17}},{"start":{"line":69,"column":16},"end":{"line":71,"column":17}}],"line":69},"14":{"loc":{"start":{"line":69,"column":20},"end":{"line":69,"column":79}},"type":"binary-expr","locations":[{"start":{"line":69,"column":20},"end":{"line":69,"column":45}},{"start":{"line":69,"column":49},"end":{"line":69,"column":79}}],"line":69}},"s":{"0":1,"1":2,"2":0,"3":0,"4":0,"5":0,"6":0,"7":0,"8":0,"9":0,"10":2,"11":1,"12":1,"13":1,"14":1,"15":1,"16":1,"17":3,"18":3,"19":3,"20":2,"21":2,"22":2,"23":2,"24":2,"25":8,"26":8,"27":0,"28":8,"29":2,"30":2,"31":2,"32":1,"33":6,"34":6,"35":0,"36":6,"37":6,"38":6,"39":6,"40":6,"41":9,"42":7,"43":9,"44":9,"45":9,"46":9,"47":9,"48":4,"49":4,"50":4,"51":3,"52":9,"53":1,"54":1},"f":{"0":2,"1":0,"2":1,"3":3,"4":3,"5":2,"6":2,"7":8,"8":1,"9":6,"10":9},"b":{"0":[1,1,1],"1":[2,0],"2":[0,0],"3":[1,1,1],"4":[0,1],"5":[1,1],"6":[0,8],"7":[8,0],"8":[0,6],"9":[6,0],"10":[7,2],"11":[4,5],"12":[9,4,4],"13":[3,1],"14":[4,3]},"_coverageSchema":"43e27e138ebf9cfc5966b082cf9a028302ed4184","hash":"f0d16a5756ea03befb62ba89e910c971814b63e0"}
}
