TN:
SF:/mnt/c/Users/jmmrte/Projects/articulate-nlg/dist/index.js
FN:2,(anonymous_0)
FN:3,(anonymous_1)
FN:13,(anonymous_2)
FN:20,(anonymous_3)
FN:21,(anonymous_4)
FN:26,(anonymous_5)
FN:27,(anonymous_6)
FN:31,(anonymous_7)
FN:49,(anonymous_8)
FN:50,Persona
FN:56,(anonymous_10)
FNF:11
FNH:10
FNDA:2,(anonymous_0)
FNDA:0,(anonymous_1)
FNDA:1,(anonymous_2)
FNDA:3,(anonymous_3)
FNDA:3,(anonymous_4)
FNDA:2,(anonymous_5)
FNDA:2,(anonymous_6)
FNDA:8,(anonymous_7)
FNDA:1,(anonymous_8)
FNDA:6,Persona
FNDA:9,(anonymous_10)
DA:2,1
DA:3,2
DA:4,0
DA:5,0
DA:6,0
DA:7,0
DA:9,0
DA:11,2
DA:13,1
DA:14,1
DA:16,1
DA:17,1
DA:18,1
DA:19,1
DA:21,3
DA:22,3
DA:23,3
DA:27,2
DA:28,2
DA:29,2
DA:30,2
DA:31,2
DA:32,8
DA:33,8
DA:34,0
DA:40,8
DA:43,2
DA:44,2
DA:45,2
DA:49,1
DA:51,6
DA:52,6
DA:53,6
DA:54,6
DA:55,6
DA:56,6
DA:57,9
DA:58,9
DA:59,9
DA:60,9
DA:61,9
DA:64,9
DA:67,4
DA:68,4
DA:69,4
DA:70,3
DA:73,9
DA:76,1
DA:78,1
LF:49
LH:43
BRDA:2,0,0,1
BRDA:2,0,1,1
BRDA:2,0,2,1
BRDA:3,1,0,2
BRDA:3,1,1,0
BRDA:6,2,0,0
BRDA:6,2,1,0
BRDA:13,3,0,1
BRDA:13,3,1,1
BRDA:13,3,2,1
BRDA:14,4,0,0
BRDA:14,4,1,1
BRDA:14,5,0,1
BRDA:14,5,1,1
BRDA:33,6,0,0
BRDA:33,6,1,8
BRDA:33,7,0,8
BRDA:33,7,1,0
BRDA:52,8,0,0
BRDA:52,8,1,6
BRDA:53,9,0,6
BRDA:53,9,1,0
BRDA:57,10,0,7
BRDA:57,10,1,2
BRDA:64,11,0,4
BRDA:64,11,1,5
BRDA:64,12,0,9
BRDA:64,12,1,4
BRDA:64,12,2,4
BRDA:69,13,0,3
BRDA:69,13,1,1
BRDA:69,14,0,4
BRDA:69,14,1,3
BRF:33
BRH:25
end_of_record
