{"/mnt/c/Users/jmmrte/Projects/articulate-nlg/lib/index.ts": {"path":"/mnt/c/Users/jmmrte/Projects/articulate-nlg/lib/index.ts","statementMap":{"0":{"start":{"line":1,"column":0},"end":{"line":1,"column":32}},"1":{"start":{"line":2,"column":16},"end":{"line":2,"column":63}},"2":{"start":{"line":6,"column":4},"end":{"line":9,"column":6}},"3":{"start":{"line":7,"column":25},"end":{"line":7,"column":37}},"4":{"start":{"line":8,"column":6},"end":{"line":8,"column":74}},"5":{"start":{"line":12,"column":4},"end":{"line":30,"column":6}},"6":{"start":{"line":13,"column":21},"end":{"line":13,"column":36}},"7":{"start":{"line":14,"column":37},"end":{"line":14,"column":39}},"8":{"start":{"line":15,"column":26},"end":{"line":15,"column":40}},"9":{"start":{"line":16,"column":6},"end":{"line":26,"column":9}},"10":{"start":{"line":17,"column":45},"end":{"line":17,"column":65}},"11":{"start":{"line":19,"column":10},"end":{"line":22,"column":13}},"12":{"start":{"line":24,"column":10},"end":{"line":24,"column":66}},"13":{"start":{"line":27,"column":24},"end":{"line":27,"column":73}},"14":{"start":{"line":28,"column":33},"end":{"line":28,"column":53}},"15":{"start":{"line":29,"column":6},"end":{"line":29,"column":26}},"16":{"start":{"line":34,"column":0},"end":{"line":34,"column":null}},"17":{"start":{"line":35,"column":2},"end":{"line":35,"column":21}},"18":{"start":{"line":35,"column":21},"end":{"line":35,"column":48}},"19":{"start":{"line":35,"column":48},"end":{"line":35,"column":77}},"20":{"start":{"line":35,"column":21},"end":{"line":35,"column":39}},"21":{"start":{"line":35,"column":48},"end":{"line":35,"column":74}},"22":{"start":{"line":37,"column":2},"end":{"line":63,"column":4}},"23":{"start":{"line":37,"column":34},"end":{"line":37,"column":null}},"24":{"start":{"line":38,"column":17},"end":{"line":38,"column":64}},"25":{"start":{"line":39,"column":26},"end":{"line":39,"column":36}},"26":{"start":{"line":41,"column":17},"end":{"line":41,"column":65}},"27":{"start":{"line":42,"column":4},"end":{"line":42,"column":40}},"28":{"start":{"line":51,"column":20},"end":{"line":51,"column":38}},"29":{"start":{"line":52,"column":31},"end":{"line":55,"column":null}},"30":{"start":{"line":58,"column":8},"end":{"line":58,"column":36}},"31":{"start":{"line":62,"column":4},"end":{"line":62,"column":18}},"32":{"start":{"line":64,"column":0},"end":{"line":64,"column":null}}},"fnMap":{"0":{"name":"(anonymous_3)","decl":{"start":{"line":5,"column":14},"end":{"line":5,"column":null}},"loc":{"start":{"line":5,"column":14},"end":{"line":10,"column":3}}},"1":{"name":"(anonymous_4)","decl":{"start":{"line":6,"column":11},"end":{"line":6,"column":12}},"loc":{"start":{"line":6,"column":42},"end":{"line":9,"column":5}}},"2":{"name":"(anonymous_5)","decl":{"start":{"line":11,"column":10},"end":{"line":11,"column":null}},"loc":{"start":{"line":11,"column":10},"end":{"line":31,"column":3}}},"3":{"name":"(anonymous_6)","decl":{"start":{"line":12,"column":11},"end":{"line":12,"column":12}},"loc":{"start":{"line":12,"column":42},"end":{"line":30,"column":5}}},"4":{"name":"(anonymous_7)","decl":{"start":{"line":16,"column":23},"end":{"line":16,"column":30}},"loc":{"start":{"line":16,"column":30},"end":{"line":26,"column":7}}},"5":{"name":"(anonymous_8)","decl":{"start":{"line":34,"column":0},"end":{"line":34,"column":null}},"loc":{"start":{"line":34,"column":0},"end":{"line":64,"column":null}}},"6":{"name":"Persona","decl":{"start":{"line":35,"column":2},"end":{"line":35,"column":21}},"loc":{"start":{"line":35,"column":74},"end":{"line":35,"column":78}}},"7":{"name":"(anonymous_10)","decl":{"start":{"line":37,"column":15},"end":{"line":37,"column":16}},"loc":{"start":{"line":37,"column":45},"end":{"line":63,"column":3}}}},"branchMap":{"0":{"loc":{"start":{"line":18,"column":12},"end":{"line":18,"column":26}},"type":"binary-expr","locations":[{"start":{"line":18,"column":12},"end":{"line":18,"column":26}},{"start":{"line":18,"column":30},"end":{"line":18,"column":47}}]},"1":{"loc":{"start":{"line":35,"column":21},"end":{"line":35,"column":48}},"type":"if","locations":[{"start":{"line":35,"column":21},"end":{"line":35,"column":48}},{"start":{"line":35,"column":21},"end":{"line":35,"column":48}}]},"2":{"loc":{"start":{"line":35,"column":48},"end":{"line":35,"column":77}},"type":"if","locations":[{"start":{"line":35,"column":48},"end":{"line":35,"column":77}},{"start":{"line":35,"column":48},"end":{"line":35,"column":77}}]},"3":{"loc":{"start":{"line":37,"column":34},"end":{"line":37,"column":null}},"type":"if","locations":[{"start":{"line":37,"column":34},"end":{"line":37,"column":null}},{"start":{"line":37,"column":34},"end":{"line":37,"column":null}}]},"4":{"loc":{"start":{"line":47,"column":6},"end":{"line":47,"column":25}},"type":"binary-expr","locations":[{"start":{"line":47,"column":6},"end":{"line":47,"column":25}},{"start":{"line":48,"column":6},"end":{"line":48,"column":30}},{"start":{"line":49,"column":6},"end":{"line":49,"column":30}}]},"5":{"loc":{"start":{"line":57,"column":10},"end":{"line":57,"column":35}},"type":"binary-expr","locations":[{"start":{"line":57,"column":10},"end":{"line":57,"column":35}},{"start":{"line":57,"column":39},"end":{"line":57,"column":69}}]}},"s":{"0":1,"1":1,"2":3,"3":3,"4":3,"5":2,"6":2,"7":2,"8":2,"9":2,"10":8,"11":0,"12":8,"13":2,"14":2,"15":2,"16":1,"17":6,"18":6,"19":12,"20":6,"21":6,"22":6,"23":16,"24":9,"25":9,"26":9,"27":9,"28":4,"29":4,"30":3,"31":9,"32":1},"f":{"0":3,"1":3,"2":2,"3":2,"4":8,"5":1,"6":6,"7":9},"b":{"0":[8,0],"1":[0,6],"2":[6,0],"3":[7,2],"4":[9,4,4],"5":[4,3]}}
}
