TN:
SF:/mnt/c/Users/jmmrte/Projects/articulate-nlg/lib/index.ts
FN:5,(anonymous_3)
FN:6,(anonymous_4)
FN:11,(anonymous_5)
FN:12,(anonymous_6)
FN:16,(anonymous_7)
FN:34,(anonymous_8)
FN:35,Persona
FN:37,(anonymous_10)
FNF:8
FNH:8
FNDA:3,(anonymous_3)
FNDA:3,(anonymous_4)
FNDA:2,(anonymous_5)
FNDA:2,(anonymous_6)
FNDA:8,(anonymous_7)
FNDA:1,(anonymous_8)
FNDA:6,Persona
FNDA:9,(anonymous_10)
DA:1,1
DA:2,1
DA:6,3
DA:7,3
DA:8,3
DA:12,2
DA:13,2
DA:14,2
DA:15,2
DA:16,2
DA:17,8
DA:19,0
DA:24,8
DA:27,2
DA:28,2
DA:29,2
DA:34,1
DA:35,12
DA:37,16
DA:38,9
DA:39,9
DA:41,9
DA:42,9
DA:51,4
DA:52,4
DA:58,3
DA:62,9
DA:64,1
LF:28
LH:27
BRDA:18,0,0,8
BRDA:18,0,1,0
BRDA:35,1,0,0
BRDA:35,1,1,6
BRDA:35,2,0,6
BRDA:35,2,1,0
BRDA:37,3,0,7
BRDA:37,3,1,2
BRDA:47,4,0,9
BRDA:47,4,1,4
BRDA:47,4,2,4
BRDA:57,5,0,4
BRDA:57,5,1,3
BRF:13
BRH:10
end_of_record
